2020-01-11 12:30:25,420 [Server thread] ERROR GottschCore | AbstractResourceManager.java:173 | Unable to locate resource /structures/treasure2/float/
2020-01-11 12:30:25,763 [Server thread] INFO GottschCore | VersionChecker.java:110 | [gottschcore] Starting version check at https://raw.githubusercontent.com/gottsch/gottsch-minecraft-GottschCore/master/GottschCore1.12.2/update.json
2020-01-11 12:30:25,855 [Server thread] INFO GottschCore | VersionChecker.java:110 | [treasure2] Starting version check at https://raw.githubusercontent.com/gottsch/gottsch-minecraft-Treasure/master/Treasure2-1.12.2/update.json
2020-01-11 12:30:30,658 [Server thread] INFO Treasure2 | AbstractChestGenerator.java:190 | CHEATER! COMMON chest at coords: -293 51 -84
2020-01-11 12:30:32,457 [Server thread] INFO Treasure2 | AbstractChestGenerator.java:190 | CHEATER! UNCOMMON chest at coords: -221 44 -328
2020-01-11 12:30:34,046 [Server thread] INFO Treasure2 | AbstractChestGenerator.java:190 | CHEATER! SCARCE chest at coords: -152 38 -232
2020-01-11 12:30:36,457 [Server thread] INFO Treasure2 | AbstractChestGenerator.java:190 | CHEATER! COMMON chest at coords: -40 56 -344
2020-01-11 12:30:36,577 [Server thread] INFO Treasure2 | WoodDrawWellGenerator.java:79 | CHEATER! Wishing Well at coords: -40 71 -200
2020-01-11 19:32:58,943 [Server thread] ERROR GottschCore | AbstractResourceManager.java:173 | Unable to locate resource /structures/treasure2/float/
2020-01-11 19:32:59,297 [Server thread] INFO GottschCore | VersionChecker.java:110 | [gottschcore] Starting version check at https://raw.githubusercontent.com/gottsch/gottsch-minecraft-GottschCore/master/GottschCore1.12.2/update.json
2020-01-11 19:32:59,377 [Server thread] INFO GottschCore | VersionChecker.java:110 | [treasure2] Starting version check at https://raw.githubusercontent.com/gottsch/gottsch-minecraft-Treasure/master/Treasure2-1.12.2/update.json
2020-01-11 19:46:56,271 [Server thread] ERROR GottschCore | AbstractResourceManager.java:173 | Unable to locate resource /structures/treasure2/float/
2020-01-11 19:46:56,670 [Server thread] INFO GottschCore | VersionChecker.java:110 | [gottschcore] Starting version check at https://raw.githubusercontent.com/gottsch/gottsch-minecraft-GottschCore/master/GottschCore1.12.2/update.json
2020-01-11 19:46:56,744 [Server thread] INFO GottschCore | VersionChecker.java:110 | [treasure2] Starting version check at https://raw.githubusercontent.com/gottsch/gottsch-minecraft-Treasure/master/Treasure2-1.12.2/update.json
2020-01-11 19:49:08,057 [Server thread] INFO Treasure2 | AbstractChestGenerator.java:190 | CHEATER! COMMON chest at coords: -488 67 -344
2020-01-11 19:49:11,650 [Server thread] INFO Treasure2 | AbstractChestGenerator.java:190 | CHEATER! COMMON chest at coords: -296 55 -440
2020-01-11 19:50:49,980 [Server thread] INFO Treasure2 | AbstractChestGenerator.java:190 | CHEATER! SCARCE chest at coords: -200 62 -504
2020-01-11 19:55:57,501 [Server thread] INFO Treasure2 | WoodDrawWellGenerator.java:79 | CHEATER! Wishing Well at coords: -248 67 -552
2020-01-11 19:56:50,334 [Server thread] INFO Treasure2 | AbstractChestGenerator.java:190 | CHEATER! UNCOMMON chest at coords: -242 45 -567
2020-01-11 19:57:12,307 [Server thread] INFO Treasure2 | AbstractChestGenerator.java:190 | CHEATER! COMMON chest at coords: -408 60 -632
2020-01-11 20:00:10,333 [Server thread] WARN GottschCore | LootTable.java:71 | Tried to over-fill a container
2020-01-11 20:00:10,334 [Server thread] INFO Treasure2 | AbstractChestGenerator.java:190 | CHEATER! RARE chest at coords: -509 44 -520
2020-01-11 20:00:59,327 [Server thread] INFO Treasure2 | AbstractChestGenerator.java:190 | CHEATER! UNCOMMON chest at coords: -520 42 -728
2020-01-11 20:01:18,006 [Server thread] INFO Treasure2 | AbstractChestGenerator.java:190 | CHEATER! COMMON chest at coords: -222 54 -795
2020-01-11 20:01:35,363 [Server thread] INFO Treasure2 | WoodDrawWellGenerator.java:79 | CHEATER! Wishing Well at coords: -360 70 -824
2020-01-11 20:02:02,107 [Server thread] INFO Treasure2 | AbstractChestGenerator.java:190 | CHEATER! SCARCE chest at coords: -104 51 -40
2020-01-11 20:26:59,601 [Server thread] ERROR GottschCore | AbstractResourceManager.java:173 | Unable to locate resource /structures/treasure2/float/
2020-01-11 20:26:59,875 [Server thread] INFO GottschCore | VersionChecker.java:110 | [gottschcore] Starting version check at https://raw.githubusercontent.com/gottsch/gottsch-minecraft-GottschCore/master/GottschCore1.12.2/update.json
2020-01-11 20:26:59,949 [Server thread] INFO GottschCore | VersionChecker.java:110 | [treasure2] Starting version check at https://raw.githubusercontent.com/gottsch/gottsch-minecraft-Treasure/master/Treasure2-1.12.2/update.json
2020-01-11 20:27:48,519 [Server thread] ERROR GottschCore | AbstractResourceManager.java:173 | Unable to locate resource /structures/treasure2/float/
2020-01-11 20:27:48,762 [Server thread] INFO GottschCore | VersionChecker.java:110 | [gottschcore] Starting version check at https://raw.githubusercontent.com/gottsch/gottsch-minecraft-GottschCore/master/GottschCore1.12.2/update.json
2020-01-11 20:27:49,194 [Server thread] INFO GottschCore | VersionChecker.java:110 | [treasure2] Starting version check at https://raw.githubusercontent.com/gottsch/gottsch-minecraft-Treasure/master/Treasure2-1.12.2/update.json
2020-01-11 20:27:56,970 [Server thread] INFO Treasure2 | AbstractChestGenerator.java:190 | CHEATER! COMMON chest at coords: 56 51 299
2020-01-11 20:27:59,611 [Server thread] INFO Treasure2 | AbstractChestGenerator.java:190 | CHEATER! COMMON chest at coords: 136 52 136
2020-01-11 20:28:02,468 [Server thread] INFO Treasure2 | AbstractChestGenerator.java:190 | CHEATER! SCARCE chest at coords: 200 46 216
2020-01-11 20:28:05,577 [Server thread] INFO Treasure2 | AbstractChestGenerator.java:190 | CHEATER! UNCOMMON chest at coords: 264 48 328
2020-01-11 20:28:07,599 [Server thread] INFO Treasure2 | WoodDrawWellGenerator.java:79 | CHEATER! Wishing Well at coords: 312 77 392
2020-01-11 20:28:08,363 [Server thread] INFO Treasure2 | AbstractChestGenerator.java:190 | CHEATER! COMMON chest at coords: 344 64 136
2020-01-11 20:39:05,623 [Server thread] ERROR GottschCore | AbstractResourceManager.java:173 | Unable to locate resource /structures/treasure2/float/
2020-01-11 20:39:05,816 [Server thread] INFO GottschCore | VersionChecker.java:110 | [gottschcore] Starting version check at https://raw.githubusercontent.com/gottsch/gottsch-minecraft-GottschCore/master/GottschCore1.12.2/update.json
2020-01-11 20:39:05,886 [Server thread] INFO GottschCore | VersionChecker.java:110 | [treasure2] Starting version check at https://raw.githubusercontent.com/gottsch/gottsch-minecraft-Treasure/master/Treasure2-1.12.2/update.json
2020-01-12 13:25:03,449 [Server thread] ERROR GottschCore | AbstractResourceManager.java:173 | Unable to locate resource /structures/treasure2/float/
2020-01-12 13:25:03,736 [Server thread] INFO GottschCore | VersionChecker.java:110 | [gottschcore] Starting version check at https://raw.githubusercontent.com/gottsch/gottsch-minecraft-GottschCore/master/GottschCore1.12.2/update.json
2020-01-12 13:25:03,801 [Server thread] INFO GottschCore | VersionChecker.java:110 | [treasure2] Starting version check at https://raw.githubusercontent.com/gottsch/gottsch-minecraft-Treasure/master/Treasure2-1.12.2/update.json
2020-01-12 13:37:55,971 [Server thread] INFO Treasure2 | AbstractChestGenerator.java:190 | CHEATER! COMMON chest at coords: 72 56 520
2020-01-12 13:38:00,770 [Server thread] INFO Treasure2 | AbstractChestGenerator.java:190 | CHEATER! COMMON chest at coords: -184 52 504
2020-01-12 13:38:03,262 [Server thread] INFO Treasure2 | AbstractChestGenerator.java:190 | CHEATER! UNCOMMON chest at coords: -24 74 600
2020-01-12 13:38:03,491 [Server thread] INFO Treasure2 | CanopyWellGenerator.java:79 | CHEATER! Wishing Well at coords: -8 82 648
2020-01-12 13:38:13,728 [Server thread] INFO Treasure2 | AbstractChestGenerator.java:190 | CHEATER! SCARCE chest at coords: -248 35 392
2020-01-12 13:38:47,834 [Server thread] INFO Treasure2 | AbstractChestGenerator.java:190 | CHEATER! COMMON chest at coords: -136 52 40
2020-01-12 13:39:18,198 [Server thread] INFO Treasure2 | AbstractChestGenerator.java:190 | CHEATER! COMMON chest at coords: 104 64 8
2020-01-12 13:39:28,956 [Server thread] INFO Treasure2 | WoodDrawWellGenerator.java:79 | CHEATER! Wishing Well at coords: 168 64 -24
2020-01-12 13:39:35,738 [Server thread] INFO Treasure2 | AbstractChestGenerator.java:190 | CHEATER! COMMON chest at coords: -8 69 -72
2020-01-12 13:39:48,593 [Server thread] INFO Treasure2 | AbstractChestGenerator.java:190 | CHEATER! UNCOMMON chest at coords: 248 46 -136
2020-01-12 13:39:58,386 [Server thread] INFO Treasure2 | AbstractChestGenerator.java:190 | CHEATER! SCARCE chest at coords: 280 34 -56
2020-01-12 13:40:04,450 [Server thread] INFO Treasure2 | AbstractChestGenerator.java:190 | CHEATER! UNCOMMON chest at coords: 293 45 -248
2020-01-12 13:41:26,487 [Server thread] ERROR GottschCore | AbstractResourceManager.java:173 | Unable to locate resource /structures/treasure2/float/
2020-01-12 13:41:26,694 [Server thread] INFO GottschCore | VersionChecker.java:110 | [gottschcore] Starting version check at https://raw.githubusercontent.com/gottsch/gottsch-minecraft-GottschCore/master/GottschCore1.12.2/update.json
2020-01-12 13:41:26,787 [Server thread] INFO GottschCore | VersionChecker.java:110 | [treasure2] Starting version check at https://raw.githubusercontent.com/gottsch/gottsch-minecraft-Treasure/master/Treasure2-1.12.2/update.json
2020-01-12 13:41:33,151 [Server thread] INFO Treasure2 | AbstractChestGenerator.java:190 | CHEATER! UNCOMMON chest at coords: 40 58 72
2020-01-12 13:41:36,051 [Server thread] INFO Treasure2 | AbstractChestGenerator.java:190 | CHEATER! SCARCE chest at coords: 104 47 296
2020-01-12 13:41:38,804 [Server thread] INFO Treasure2 | AbstractChestGenerator.java:190 | CHEATER! UNCOMMON chest at coords: 184 41 136
2020-01-12 13:41:42,106 [Server thread] INFO Treasure2 | AbstractChestGenerator.java:190 | CHEATER! RARE chest at coords: 264 36 277
2020-01-12 13:43:53,895 [Server thread] INFO Treasure2 | AbstractChestGenerator.java:190 | CHEATER! UNCOMMON chest at coords: 344 67 312
2020-01-12 13:49:43,479 [Server thread] INFO Treasure2 | AbstractChestGenerator.java:190 | CHEATER! EPIC chest at coords: 88 73 -8
2020-01-12 13:55:04,892 [Server thread] INFO Treasure2 | AbstractChestGenerator.java:190 | CHEATER! COMMON chest at coords: 259 53 -72
2020-01-12 14:22:46,273 [Server thread] INFO Treasure2 | SimpleWellGenerator.java:85 | CHEATER! Wishing Well at coords: 392 70 184
2020-01-12 14:22:46,629 [Server thread] INFO Treasure2 | AbstractChestGenerator.java:190 | CHEATER! SCARCE chest at coords: 392 57 232
2020-01-12 14:23:12,611 [Server thread] INFO Treasure2 | AbstractChestGenerator.java:190 | CHEATER! RARE chest at coords: 456 26 104
2020-01-12 17:32:59,808 [Server thread] INFO Treasure2 | AbstractChestGenerator.java:190 | CHEATER! COMMON chest at coords: -216 61 56
2020-01-12 17:43:11,255 [Server thread] INFO Treasure2 | AbstractChestGenerator.java:190 | CHEATER! COMMON chest at coords: 344 55 -40
2020-01-12 17:45:07,625 [Server thread] INFO Treasure2 | SimpleWellGenerator.java:85 | CHEATER! Wishing Well at coords: 360 66 -8
2020-01-12 18:25:43,228 [Server thread] INFO Treasure2 | AbstractChestGenerator.java:190 | CHEATER! SCARCE chest at coords: 492 39 233
2020-01-12 18:27:30,911 [Server thread] INFO Treasure2 | AbstractChestGenerator.java:190 | CHEATER! COMMON chest at coords: 440 50 -40
2020-01-12 21:56:14,967 [Server thread] ERROR GottschCore | AbstractResourceManager.java:173 | Unable to locate resource /structures/treasure2/float/
2020-01-12 21:56:15,239 [Server thread] INFO GottschCore | VersionChecker.java:110 | [gottschcore] Starting version check at https://raw.githubusercontent.com/gottsch/gottsch-minecraft-GottschCore/master/GottschCore1.12.2/update.json
2020-01-12 21:56:15,299 [Server thread] INFO GottschCore | VersionChecker.java:110 | [treasure2] Starting version check at https://raw.githubusercontent.com/gottsch/gottsch-minecraft-Treasure/master/Treasure2-1.12.2/update.json
2020-01-12 22:10:19,448 [Server thread] INFO Treasure2 | AbstractChestGenerator.java:190 | CHEATER! COMMON chest at coords: 72 62 -136
2020-01-12 22:10:50,331 [Server thread] INFO Treasure2 | WoodDrawWellGenerator.java:79 | CHEATER! Wishing Well at coords: -248 70 72
2020-01-12 22:15:59,103 [Server thread] INFO Treasure2 | AbstractChestGenerator.java:190 | CHEATER! COMMON chest at coords: -296 55 136
2020-01-12 22:16:23,589 [Server thread] WARN GottschCore | LootTable.java:71 | Tried to over-fill a container
2020-01-12 22:16:23,590 [Server thread] INFO Treasure2 | AbstractChestGenerator.java:190 | CHEATER! SCARCE chest at coords: -376 51 168
2020-01-12 22:25:04,688 [Server thread] INFO Treasure2 | AbstractChestGenerator.java:190 | CHEATER! COMMON chest at coords: 152 71 -136
2020-01-13 00:16:30,755 [Server thread] INFO Treasure2 | AbstractChestGenerator.java:190 | CHEATER! SCARCE chest at coords: 584 51 440
2020-01-13 00:18:12,209 [Server thread] INFO Treasure2 | AbstractChestGenerator.java:190 | CHEATER! EPIC chest at coords: 760 42 376
2020-01-13 00:20:04,007 [Server thread] INFO Treasure2 | AbstractChestGenerator.java:190 | CHEATER! SCARCE chest at coords: 232 37 -184
2020-01-13 00:20:22,777 [Server thread] INFO Treasure2 | AbstractChestGenerator.java:190 | CHEATER! UNCOMMON chest at coords: 264 54 -264
2020-01-13 00:22:07,477 [Server thread] INFO Treasure2 | AbstractChestGenerator.java:190 | CHEATER! SCARCE chest at coords: 152 54 -264
2020-01-13 21:43:56,357 [Server thread] ERROR GottschCore | AbstractResourceManager.java:173 | Unable to locate resource /structures/treasure2/float/
2020-01-13 21:43:56,498 [Server thread] INFO GottschCore | VersionChecker.java:110 | [gottschcore] Starting version check at https://raw.githubusercontent.com/gottsch/gottsch-minecraft-GottschCore/master/GottschCore1.12.2/update.json
2020-01-13 21:43:56,551 [Server thread] INFO GottschCore | VersionChecker.java:110 | [treasure2] Starting version check at https://raw.githubusercontent.com/gottsch/gottsch-minecraft-Treasure/master/Treasure2-1.12.2/update.json
2020-01-13 21:46:27,796 [Server thread] ERROR GottschCore | AbstractResourceManager.java:173 | Unable to locate resource /structures/treasure2/float/
2020-01-13 21:46:27,912 [Server thread] INFO GottschCore | VersionChecker.java:110 | [gottschcore] Starting version check at https://raw.githubusercontent.com/gottsch/gottsch-minecraft-GottschCore/master/GottschCore1.12.2/update.json
2020-01-13 21:46:27,953 [Server thread] INFO GottschCore | VersionChecker.java:110 | [treasure2] Starting version check at https://raw.githubusercontent.com/gottsch/gottsch-minecraft-Treasure/master/Treasure2-1.12.2/update.json
2020-01-13 22:31:14,550 [Server thread] INFO Treasure2 | AbstractChestGenerator.java:190 | CHEATER! COMMON chest at coords: -456 55 -56
2020-01-13 22:31:26,183 [Server thread] INFO Treasure2 | AbstractChestGenerator.java:190 | CHEATER! COMMON chest at coords: -520 62 152
2020-01-13 22:32:09,844 [Server thread] INFO Treasure2 | AbstractChestGenerator.java:190 | CHEATER! SCARCE chest at coords: -584 36 -136
2020-01-13 22:34:08,650 [Server thread] INFO Treasure2 | AbstractChestGenerator.java:190 | CHEATER! UNCOMMON chest at coords: -680 62 -152
2020-01-13 22:34:19,217 [Server thread] INFO Treasure2 | SimpleWellGenerator.java:85 | CHEATER! Wishing Well at coords: -728 85 -120
2020-01-13 22:34:29,269 [Server thread] INFO Treasure2 | AbstractChestGenerator.java:190 | CHEATER! COMMON chest at coords: -756 53 -215
2020-01-13 22:34:49,603 [Server thread] INFO Treasure2 | AbstractChestGenerator.java:190 | CHEATER! UNCOMMON chest at coords: -824 74 88
2020-01-13 22:35:34,008 [Server thread] INFO Treasure2 | AbstractChestGenerator.java:190 | CHEATER! COMMON chest at coords: -872 59 -232
