[00:02:58] [Server thread/INFO] [net.minecraft.server.dedicated.DedicatedServer]: RGCgordo is bleeding ...
[00:02:58] [Server thread/INFO] [tombstone]: The death event of the player RGCgordo was cancelled by another mod
[00:03:34] [Server thread/INFO] [net.minecraft.server.dedicated.DedicatedServer]: RGCgordo is bleeding ...
[00:03:34] [Server thread/INFO] [tombstone]: The death event of the player RGCgordo was cancelled by another mod
[00:04:38] [Server thread/INFO] [net.minecraft.server.dedicated.DedicatedServer]: RGCgordo is bleeding ...
[00:04:38] [Server thread/INFO] [tombstone]: The death event of the player RGCgordo was cancelled by another mod
[00:07:00] [Server thread/INFO] [net.minecraft.server.dedicated.DedicatedServer]: [juankiGM: Toggled downfall]
[00:08:40] [Server thread/INFO] [net.minecraft.server.dedicated.DedicatedServer]: juankiGM is bleeding ...
[00:08:40] [Server thread/INFO] [tombstone]: The death event of the player juankiGM was cancelled by another mod
[00:09:49] [Server thread/INFO] [net.minecraft.server.dedicated.DedicatedServer]: RGCgordo is bleeding ...
[00:09:49] [Server thread/INFO] [tombstone]: The death event of the player RGCgordo was cancelled by another mod
[00:10:07] [Server thread/INFO] [net.minecraft.server.dedicated.DedicatedServer]: juankiGM is bleeding ...
[00:10:07] [Server thread/INFO] [tombstone]: The death event of the player juankiGM was cancelled by another mod
[00:10:09] [Server thread/INFO] [net.minecraft.server.dedicated.DedicatedServer]: juankiGM withered away
[00:10:09] [Server thread/INFO] [tombstone]: The last known grave of juankiGM is at location [name:Last Grave, x:145, y:65, z:318] in the dimension 0
[00:10:13] [Server thread/INFO] [net.minecraft.server.dedicated.DedicatedServer]: RGCgordo fell from a high place
[00:10:13] [Server thread/INFO] [tombstone]: The last known grave of RGCgordo is at location [name:Last Grave, x:135, y:64, z:320] in the dimension 0
[00:11:09] [Server thread/INFO] [net.minecraft.server.dedicated.DedicatedServer]: <RGCgordo> TUUUUUU
[00:11:17] [Server thread/INFO] [net.minecraft.server.dedicated.DedicatedServer]: <juankiGM> no me oyes?
[00:11:17] [Server thread/INFO] [net.minecraft.server.dedicated.DedicatedServer]: <RGCgordo> ELPUTO MICROOOOOOOOOOOOOOO
[00:19:49] [Server thread/INFO] [net.minecraft.server.dedicated.DedicatedServer]: [juankiGM: Toggled downfall]
[00:20:00] [Server thread/INFO] [tombstone]: All players have been successfully backed up
[00:21:36] [Server thread/INFO] [net.minecraft.network.NetHandlerPlayServer]: juankiGM lost connection: Disconnected
[00:21:36] [Server thread/INFO] [net.minecraft.server.dedicated.DedicatedServer]: juankiGM left the game
[00:21:44] [Netty Server IO #6/ERROR] [FML]: NetworkDispatcher exception
java.io.IOException: Se ha anulado una conexión establecida por el software en su equipo host.
	at sun.nio.ch.SocketDispatcher.read0(Native Method) ~[?:1.8.0_231]
	at sun.nio.ch.SocketDispatcher.read(Unknown Source) ~[?:1.8.0_231]
	at sun.nio.ch.IOUtil.readIntoNativeBuffer(Unknown Source) ~[?:1.8.0_231]
	at sun.nio.ch.IOUtil.read(Unknown Source) ~[?:1.8.0_231]
	at sun.nio.ch.SocketChannelImpl.read(Unknown Source) ~[?:1.8.0_231]
	at io.netty.buffer.PooledUnsafeDirectByteBuf.setBytes(PooledUnsafeDirectByteBuf.java:288) ~[PooledUnsafeDirectByteBuf.class:?]
	at io.netty.buffer.AbstractByteBuf.writeBytes(AbstractByteBuf.java:1100) ~[AbstractByteBuf.class:?]
	at io.netty.channel.socket.nio.NioSocketChannel.doReadBytes(NioSocketChannel.java:372) ~[NioSocketChannel.class:?]
	at io.netty.channel.nio.AbstractNioByteChannel$NioByteUnsafe.read(AbstractNioByteChannel.java:123) [AbstractNioByteChannel$NioByteUnsafe.class:?]
	at io.netty.channel.nio.NioEventLoop.processSelectedKey(NioEventLoop.java:624) [NioEventLoop.class:?]
	at io.netty.channel.nio.NioEventLoop.processSelectedKeysOptimized(NioEventLoop.java:559) [NioEventLoop.class:?]
	at io.netty.channel.nio.NioEventLoop.processSelectedKeys(NioEventLoop.java:476) [NioEventLoop.class:?]
	at io.netty.channel.nio.NioEventLoop.run(NioEventLoop.java:438) [NioEventLoop.class:?]
	at io.netty.util.concurrent.SingleThreadEventExecutor$5.run(SingleThreadEventExecutor.java:858) [SingleThreadEventExecutor$5.class:?]
	at java.lang.Thread.run(Unknown Source) [?:1.8.0_231]
[00:21:44] [Server thread/INFO] [net.minecraft.network.NetHandlerPlayServer]: RGCgordo lost connection: Internal Exception: java.io.IOException: Se ha anulado una conexión establecida por el software en su equipo host.
[00:21:44] [Server thread/INFO] [net.minecraft.server.dedicated.DedicatedServer]: RGCgordo left the game
